<?xml version="1.0" encoding="UTF-8"?>
<beans xmlns="http://www.springframework.org/schema/beans"
	xmlns:context="http://www.springframework.org/schema/context"
	xmlns:xsi="http://www.w3.org/2001/XMLSchema-instance" xmlns:util="http://www.springframework.org/schema/util"
	xsi:schemaLocation="
                http://www.springframework.org/schema/beans
                http://www.springframework.org/schema/beans/spring-beans.xsd
                http://www.springframework.org/schema/context
                http://www.springframework.org/schema/context/spring-context.xsd
                http://www.springframework.org/schema/util
                http://www.springframework.org/schema/util/spring-util.xsd">
                
	<bean id="timedAggMap" class="java.util.concurrent.ConcurrentHashMap"/>
	
	<bean id="riskSensitivityDao" class="com.heb.finance.analytics.RiskSensitivityDao" destroy-method="shutdown">
		<constructor-arg index="0" value="MyCluster" />
		<constructor-arg index="1" value="10.0.1.52" />
		<constructor-arg index="2" value="Analytics" />	
	</bean>
	
	<bean id="riskSensitivityPathPersister" class="com.heb.finance.analytics.RiskSensitivityPathPersister">
	</bean>	

	<bean id="riskSensitivityAggregator" class="com.heb.finance.analytics.RiskHierarchyAggregator" init-method="init" >
	</bean>	

	<bean id="riskSensitivityPersisterService" class="com.heb.finance.analytics.RiskSensitivityPersisterServiceImpl">		
	</bean>

</beans>